0 info it worked if it ends with ok
1 verbose cli [ '/usr/bin/nodejs', '/usr/bin/npm', 'run', 'react-dev' ]
2 info using npm@3.5.2
3 info using node@v4.2.6
4 verbose run-script [ 'prereact-dev', 'react-dev', 'postreact-dev' ]
5 info lifecycle faileddatabase@1.0.0~prereact-dev: faileddatabase@1.0.0
6 silly lifecycle faileddatabase@1.0.0~prereact-dev: no script for prereact-dev, continuing
7 info lifecycle faileddatabase@1.0.0~react-dev: faileddatabase@1.0.0
8 verbose lifecycle faileddatabase@1.0.0~react-dev: unsafe-perm in lifecycle true
9 verbose lifecycle faileddatabase@1.0.0~react-dev: PATH: /usr/share/npm/bin/node-gyp-bin:/home/ubuntu/FailedDatabase/node_modules/.bin:/home/ubuntu/bin:/home/ubuntu/.local/bin:/usr/local/sbin:/usr/local/bin:/usr/sbin:/usr/bin:/sbin:/bin:/usr/games:/usr/local/games:/snap/bin
10 verbose lifecycle faileddatabase@1.0.0~react-dev: CWD: /home/ubuntu/FailedDatabase
11 silly lifecycle faileddatabase@1.0.0~react-dev: Args: [ '-c', 'webpack -d --watch' ]
12 silly lifecycle faileddatabase@1.0.0~react-dev: Returned: code: 1  signal: null
13 info lifecycle faileddatabase@1.0.0~react-dev: Failed to exec react-dev script
14 verbose stack Error: faileddatabase@1.0.0 react-dev: `webpack -d --watch`
14 verbose stack Exit status 1
14 verbose stack     at EventEmitter.<anonymous> (/usr/share/npm/lib/utils/lifecycle.js:232:16)
14 verbose stack     at emitTwo (events.js:87:13)
14 verbose stack     at EventEmitter.emit (events.js:172:7)
14 verbose stack     at ChildProcess.<anonymous> (/usr/share/npm/lib/utils/spawn.js:24:14)
14 verbose stack     at emitTwo (events.js:87:13)
14 verbose stack     at ChildProcess.emit (events.js:172:7)
14 verbose stack     at maybeClose (internal/child_process.js:821:16)
14 verbose stack     at Process.ChildProcess._handle.onexit (internal/child_process.js:211:5)
15 verbose pkgid faileddatabase@1.0.0
16 verbose cwd /home/ubuntu/FailedDatabase
17 error Linux 4.13.0-36-generic
18 error argv "/usr/bin/nodejs" "/usr/bin/npm" "run" "react-dev"
19 error node v4.2.6
20 error npm  v3.5.2
21 error code ELIFECYCLE
22 error faileddatabase@1.0.0 react-dev: `webpack -d --watch`
22 error Exit status 1
23 error Failed at the faileddatabase@1.0.0 react-dev script 'webpack -d --watch'.
23 error Make sure you have the latest version of node.js and npm installed.
23 error If you do, this is most likely a problem with the faileddatabase package,
23 error not with npm itself.
23 error Tell the author that this fails on your system:
23 error     webpack -d --watch
23 error You can get information on how to open an issue for this project with:
23 error     npm bugs faileddatabase
23 error Or if that isn't available, you can get their info via:
23 error     npm owner ls faileddatabase
23 error There is likely additional logging output above.
24 verbose exit [ 1, true ]
